e:\code\自助订餐系统\自助订餐系统\x64\debug\vc142.pdb
e:\code\自助订餐系统\自助订餐系统\x64\debug\vc142.idb
e:\code\自助订餐系统\自助订餐系统\x64\debug\自助订餐系统.obj
e:\code\自助订餐系统\自助订餐系统\x64\debug\seller.obj
e:\code\自助订餐系统\自助订餐系统\x64\debug\admin.obj
e:\code\自助订餐系统\自助订餐系统\x64\debug\buyer.obj
e:\code\自助订餐系统\自助订餐系统\x64\debug\order.obj
e:\code\自助订餐系统\自助订餐系统\x64\debug\menu.obj
e:\code\自助订餐系统\自助订餐系统\x64\debug\address.obj
e:\code\自助订餐系统\x64\debug\自助订餐系统.exe
e:\code\自助订餐系统\自助订餐系统\x64\debug\自助订餐系统.ilk
e:\code\自助订餐系统\x64\debug\自助订餐系统.pdb
e:\code\自助订餐系统\自助订餐系统\x64\debug\order.obj.enc
e:\code\自助订餐系统\自助订餐系统\x64\debug\自助订餐系统.obj.enc
e:\code\自助订餐系统\自助订餐系统\x64\debug\自助订餐系统.tlog\cl.command.1.tlog
e:\code\自助订餐系统\自助订餐系统\x64\debug\自助订餐系统.tlog\cl.read.1.tlog
e:\code\自助订餐系统\自助订餐系统\x64\debug\自助订餐系统.tlog\cl.write.1.tlog
e:\code\自助订餐系统\自助订餐系统\x64\debug\自助订餐系统.tlog\link.command.1.tlog
e:\code\自助订餐系统\自助订餐系统\x64\debug\自助订餐系统.tlog\link.read.1.tlog
e:\code\自助订餐系统\自助订餐系统\x64\debug\自助订餐系统.tlog\link.write.1.tlog
